0 info it worked if it ends with ok
1 verbose cli [ 'node', '/usr/local/bin/npm', 'publish', '.' ]
2 info using npm@2.1.2
3 info using node@v0.10.32
4 verbose publish [ '.' ]
5 silly cache add args [ '.', null ]
6 verbose cache add spec .
7 silly cache add parsed spec { raw: '.',
7 silly cache add   scope: null,
7 silly cache add   name: null,
7 silly cache add   rawSpec: '.',
7 silly cache add   spec: '/Users/abigailwatson/Code/MeteorCookbook/starrynight',
7 silly cache add   type: 'local' }
8 verbose cache add local package /Users/abigailwatson/Code/MeteorCookbook/starrynight
9 verbose tar pack [ '/Users/abigailwatson/.npm/starrynight/3.3.0/package.tgz',
9 verbose tar pack   '.' ]
10 verbose tarball /Users/abigailwatson/.npm/starrynight/3.3.0/package.tgz
11 verbose folder .
12 info prepublish starrynight@3.3.0
13 verbose addLocalTarball adding from inside cache /Users/abigailwatson/.npm/starrynight/3.3.0/package.tgz
14 silly publish { name: 'starrynight',
14 silly publish   description: 'Meteor scaffolding and testing.',
14 silly publish   version: '3.3.0',
14 silly publish   author: { name: 'Abigail Watson', url: 'awatson1978@gmail.com' },
14 silly publish   dependencies:
14 silly publish    { nightwatch: '0.7.6',
14 silly publish      chromedriver: '2.15.1',
14 silly publish      'selenium-server-standalone-jar': '2.45.0',
14 silly publish      'fs-extra': '0.18.0',
14 silly publish      'file-exists': '0.1.1',
14 silly publish      find: '0.2.2',
14 silly publish      'find-files': '^0.0.3',
14 silly publish      replace: '0.3.0',
14 silly publish      'github-download': '0.3.0',
14 silly publish      'git-wrapper2': '0.2.5',
14 silly publish      minimist: '1.1.1',
14 silly publish      'node-parse-url': '1.0.0',
14 silly publish      request: '2.54.0',
14 silly publish      fibers: '^1.0.2',
14 silly publish      underscore: '^1.8.3',
14 silly publish      cheerio: '^0.19.0',
14 silly publish      unzip: '0.1.11',
14 silly publish      mocha: '^2.2.4',
14 silly publish      cucumber: '0.4.8',
14 silly publish      prompt: '0.2.14',
14 silly publish      chai: '2.3.0',
14 silly publish      jsdoc: '3.3.0',
14 silly publish      ddp: '0.11.0',
14 silly publish      'locate-firefox': '0.1.1',
14 silly publish      phantomjs: '1.9.16' },
14 silly publish   engines: { node: '>= 0.10.32' },
14 silly publish   preferGlobal: 'true',
14 silly publish   bin: { starrynight: 'bin/starrynight.js' },
14 silly publish   repository:
14 silly publish    { type: 'git',
14 silly publish      url: 'git://github.com/awatson1978/starrynight.git' },
14 silly publish   bugs: { url: 'https://github.com/awatson1978/starrynight/issues' },
14 silly publish   homepage: 'https://starrynight.meteor.com',
14 silly publish   keywords: [ 'nightwatch', 'atmosphere', 'meteor' ],
14 silly publish   license: 'MIT',
14 silly publish   readme: 'StarryNight\n\nScaffolding and testing tool for creating HIPAA and FDA compliant Meteor apps.  \n\n===============================\n#### What is StarryNight?  \n\nStarryNight is a command line tool for use in scaffolding and testing Meteor applications. It\'s similar to tools like \'rails generate\', \'spacejam\', \'abee\', and \'mrt\'. It\'s a direct result of 2 years of working on the Meteor Cookbook.\n\n\n===============================\n#### Installation  \n\n````\nnpm install starrynight -g\n````\n\n===============================\n#### Usage  \n\n````\n-scaffold [project-homepage | mobile-app | backend]\n-clone [url]\n-pattern [url]\n-rename [originalTerm newTerm directoryRoot]\n-refactor [originalTerm newTerm directoryRoot]\n-dryrun [acceptance | all]\n-run-tests [tiny | acceptance | end-to-end]\n````\n\n===============================\n#### Examples  \n\n````sh\n# add acceptance tests to your application (using the nightwatch framework)\n$ starrynight -initialize acceptance\n\n# run acceptance tests\n$ starrynight -run acceptance\n````\n\n\n===============================\n#### Contributing a Test Framework\n\nStarryNight needs a few basic things to integrate new frameworks.\n\n1.  We need to know how to install the framework.\n2.  We need to know how to launch the framework.\n3.  We need a set of sample tests to get people started.\n4.  We need to configure the framework to use the sample tests.\n\nThis is significantly more lightweight than what\'s required to integrate frameworks with Velocity.  If you can do the above and submit a pull request, it will probably get into StarryNight.  \n\n\n===============================\n#### Licensing\n\nMIT License. Use as you wish, including for commercial purposes.\n',
14 silly publish   readmeFilename: 'README.md',
14 silly publish   gitHead: 'be97e1ee7ee5b7bbb0f9478938c9ee830d485c4d',
14 silly publish   _id: 'starrynight@3.3.0',
14 silly publish   scripts: {},
14 silly publish   _shasum: 'c5ee1811b159affcd68445caacc0db39e360e68e',
14 silly publish   _from: '.' }
15 verbose mapToRegistry name starrynight
16 verbose mapToRegistry uri https://registry.npmjs.org/starrynight
17 verbose publish registryBase https://registry.npmjs.org/
18 verbose request on initialization, where is /starrynight
19 verbose request after pass 1, where is /starrynight
20 verbose request url raw /starrynight
21 verbose request resolving registry [ 'https://registry.npmjs.org/', './starrynight' ]
22 verbose request after pass 2, where is https://registry.npmjs.org/starrynight
23 verbose request sending authorization for write operation
24 info attempt registry request try #1 at 00:50:26
25 verbose request id 8c9150ca9afe8dae
26 http request PUT https://registry.npmjs.org/starrynight
27 http 403 https://registry.npmjs.org/starrynight
28 verbose headers { 'content-type': 'application/json',
28 verbose headers   'cache-control': 'max-age=60',
28 verbose headers   'content-length': '95',
28 verbose headers   'accept-ranges': 'bytes',
28 verbose headers   date: 'Thu, 09 Jul 2015 05:52:09 GMT',
28 verbose headers   via: '1.1 varnish',
28 verbose headers   connection: 'keep-alive',
28 verbose headers   'x-served-by': 'cache-sjc3130-SJC',
28 verbose headers   'x-cache': 'MISS',
28 verbose headers   'x-cache-hits': '0',
28 verbose headers   'x-timer': 'S1436421031.619497,VS0,VE98119' }
29 error publish Failed PUT 403
30 verbose stack Error: "You cannot publish over the previously published version 3.3.0." : starrynight
30 verbose stack     at RegClient.<anonymous> (/usr/local/lib/node_modules/npm/node_modules/npm-registry-client/lib/request.js:260:14)
30 verbose stack     at Request._callback (/usr/local/lib/node_modules/npm/node_modules/npm-registry-client/lib/request.js:197:65)
30 verbose stack     at Request.self.callback (/usr/local/lib/node_modules/npm/node_modules/request/request.js:237:22)
30 verbose stack     at Request.emit (events.js:98:17)
30 verbose stack     at Request.<anonymous> (/usr/local/lib/node_modules/npm/node_modules/request/request.js:1146:14)
30 verbose stack     at Request.emit (events.js:117:20)
30 verbose stack     at IncomingMessage.<anonymous> (/usr/local/lib/node_modules/npm/node_modules/request/request.js:1097:12)
30 verbose stack     at IncomingMessage.emit (events.js:117:20)
30 verbose stack     at _stream_readable.js:943:16
30 verbose stack     at process._tickCallback (node.js:419:13)
31 verbose statusCode 403
32 verbose pkgid starrynight
33 verbose cwd /Users/abigailwatson/Code/MeteorCookbook/starrynight
34 error Darwin 14.1.0
35 error argv "node" "/usr/local/bin/npm" "publish" "."
36 error node v0.10.32
37 error npm  v2.1.2
38 error code E403
39 error "You cannot publish over the previously published version 3.3.0." : starrynight
40 error If you need help, you may report this error at:
40 error     <http://github.com/npm/npm/issues>
41 verbose exit [ 1, true ]
